GowinSynthesis start
Running parser ...
Analyzing Verilog file 'D:\Gowin\Gowin_V1.9.9Beta\IDE\ipcore\USBTwoSoftPHY\data\usb2_0_softphy_top.v'
Analyzing included file 'usb2_0_softphy_name.v'("D:\Gowin\Gowin_V1.9.9Beta\IDE\ipcore\USBTwoSoftPHY\data\usb2_0_softphy_top.v":4)
Back to file 'D:\Gowin\Gowin_V1.9.9Beta\IDE\ipcore\USBTwoSoftPHY\data\usb2_0_softphy_top.v'("D:\Gowin\Gowin_V1.9.9Beta\IDE\ipcore\USBTwoSoftPHY\data\usb2_0_softphy_top.v":4)
Analyzing included file 'D:\Gowin\Gowin_V1.9.9Beta\IDE\ipcore\USBTwoSoftPHY\data\static_macro_define.v'("D:\Gowin\Gowin_V1.9.9Beta\IDE\ipcore\USBTwoSoftPHY\data\usb2_0_softphy_top.v":5)
Back to file 'D:\Gowin\Gowin_V1.9.9Beta\IDE\ipcore\USBTwoSoftPHY\data\usb2_0_softphy_top.v'("D:\Gowin\Gowin_V1.9.9Beta\IDE\ipcore\USBTwoSoftPHY\data\usb2_0_softphy_top.v":5)
Analyzing Verilog file 'D:\Gowin\Gowin_V1.9.9Beta\IDE\ipcore\USBTwoSoftPHY\data\usb2_0_softphy.v'
Analyzing included file 'usb2_0_softphy_name.v'("D:\Gowin\Gowin_V1.9.9Beta\IDE\ipcore\USBTwoSoftPHY\data\usb2_0_softphy.v":4360)
Back to file 'D:\Gowin\Gowin_V1.9.9Beta\IDE\ipcore\USBTwoSoftPHY\data\usb2_0_softphy.v'("D:\Gowin\Gowin_V1.9.9Beta\IDE\ipcore\USBTwoSoftPHY\data\usb2_0_softphy.v":4360)
Analyzing included file 'D:\Gowin\Gowin_V1.9.9Beta\IDE\ipcore\USBTwoSoftPHY\data\static_macro_define.v'("D:\Gowin\Gowin_V1.9.9Beta\IDE\ipcore\USBTwoSoftPHY\data\usb2_0_softphy.v":4360)
Back to file 'D:\Gowin\Gowin_V1.9.9Beta\IDE\ipcore\USBTwoSoftPHY\data\usb2_0_softphy.v'("D:\Gowin\Gowin_V1.9.9Beta\IDE\ipcore\USBTwoSoftPHY\data\usb2_0_softphy.v":4360)
Undeclared symbol '**', assumed default net type '**'("D:\Gowin\Gowin_V1.9.9Beta\IDE\ipcore\USBTwoSoftPHY\data\usb2_0_softphy.v":0)
Undeclared symbol '**', assumed default net type '**'("D:\Gowin\Gowin_V1.9.9Beta\IDE\ipcore\USBTwoSoftPHY\data\usb2_0_softphy.v":0)
Undeclared symbol '**', assumed default net type '**'("D:\Gowin\Gowin_V1.9.9Beta\IDE\ipcore\USBTwoSoftPHY\data\usb2_0_softphy.v":0)
Undeclared symbol '**', assumed default net type '**'("D:\Gowin\Gowin_V1.9.9Beta\IDE\ipcore\USBTwoSoftPHY\data\usb2_0_softphy.v":0)
Undeclared symbol '**', assumed default net type '**'("D:\Gowin\Gowin_V1.9.9Beta\IDE\ipcore\USBTwoSoftPHY\data\usb2_0_softphy.v":0)
Compiling module 'USB2_0_SoftPHY_Top'("D:\Gowin\Gowin_V1.9.9Beta\IDE\ipcore\USBTwoSoftPHY\data\usb2_0_softphy_top.v":7)
Compiling module '**'("D:\Gowin\Gowin_V1.9.9Beta\IDE\ipcore\USBTwoSoftPHY\data\usb2_0_softphy.v":0)
Compiling module '**'("D:\Gowin\Gowin_V1.9.9Beta\IDE\ipcore\USBTwoSoftPHY\data\usb2_0_softphy.v":0)
Compiling module '**'("D:\Gowin\Gowin_V1.9.9Beta\IDE\ipcore\USBTwoSoftPHY\data\usb2_0_softphy.v":0)
WARN  (EX3791) : Expression size ** truncated to fit in target size **("D:\Gowin\Gowin_V1.9.9Beta\IDE\ipcore\USBTwoSoftPHY\data\usb2_0_softphy.v":0)
Compiling module '**'("D:\Gowin\Gowin_V1.9.9Beta\IDE\ipcore\USBTwoSoftPHY\data\usb2_0_softphy.v":0)
WARN  (EX3791) : Expression size ** truncated to fit in target size **("D:\Gowin\Gowin_V1.9.9Beta\IDE\ipcore\USBTwoSoftPHY\data\usb2_0_softphy.v":0)
Compiling module '**'("D:\Gowin\Gowin_V1.9.9Beta\IDE\ipcore\USBTwoSoftPHY\data\usb2_0_softphy.v":0)
Compiling module '**'("D:\Gowin\Gowin_V1.9.9Beta\IDE\ipcore\USBTwoSoftPHY\data\usb2_0_softphy.v":0)
Compiling module '**'("D:\Gowin\Gowin_V1.9.9Beta\IDE\ipcore\USBTwoSoftPHY\data\usb2_0_softphy.v":0)
Compiling module '**'("D:\Gowin\Gowin_V1.9.9Beta\IDE\ipcore\USBTwoSoftPHY\data\usb2_0_softphy.v":0)
Compiling module '**'("D:\Gowin\Gowin_V1.9.9Beta\IDE\ipcore\USBTwoSoftPHY\data\usb2_0_softphy.v":0)
Compiling module '**'("D:\Gowin\Gowin_V1.9.9Beta\IDE\ipcore\USBTwoSoftPHY\data\usb2_0_softphy.v":0)
Compiling module '**'("D:\Gowin\Gowin_V1.9.9Beta\IDE\ipcore\USBTwoSoftPHY\data\usb2_0_softphy.v":0)
Compiling module '**'("D:\Gowin\Gowin_V1.9.9Beta\IDE\ipcore\USBTwoSoftPHY\data\usb2_0_softphy.v":0)
Compiling module '**'("D:\Gowin\Gowin_V1.9.9Beta\IDE\ipcore\USBTwoSoftPHY\data\usb2_0_softphy.v":0)
Compiling module '**'("D:\Gowin\Gowin_V1.9.9Beta\IDE\ipcore\USBTwoSoftPHY\data\usb2_0_softphy.v":0)
Extracting RAM for identifier '**'("D:\Gowin\Gowin_V1.9.9Beta\IDE\ipcore\USBTwoSoftPHY\data\usb2_0_softphy.v":0)
WARN  (EX3791) : Expression size ** truncated to fit in target size **("D:\Gowin\Gowin_V1.9.9Beta\IDE\ipcore\USBTwoSoftPHY\data\usb2_0_softphy.v":0)
Compiling module '**'("D:\Gowin\Gowin_V1.9.9Beta\IDE\ipcore\USBTwoSoftPHY\data\usb2_0_softphy.v":0)
WARN  (EX3791) : Expression size ** truncated to fit in target size **("D:\Gowin\Gowin_V1.9.9Beta\IDE\ipcore\USBTwoSoftPHY\data\usb2_0_softphy.v":0)
Compiling module '**'("D:\Gowin\Gowin_V1.9.9Beta\IDE\ipcore\USBTwoSoftPHY\data\usb2_0_softphy.v":0)
Compiling module '**'("D:\Gowin\Gowin_V1.9.9Beta\IDE\ipcore\USBTwoSoftPHY\data\usb2_0_softphy.v":0)
Extracting RAM for identifier '**'("D:\Gowin\Gowin_V1.9.9Beta\IDE\ipcore\USBTwoSoftPHY\data\usb2_0_softphy.v":0)
Compiling module '**'("D:\Gowin\Gowin_V1.9.9Beta\IDE\ipcore\USBTwoSoftPHY\data\usb2_0_softphy.v":0)
Compiling module '**'("D:\Gowin\Gowin_V1.9.9Beta\IDE\ipcore\USBTwoSoftPHY\data\usb2_0_softphy.v":0)
Compiling module '**'("D:\Gowin\Gowin_V1.9.9Beta\IDE\ipcore\USBTwoSoftPHY\data\usb2_0_softphy.v":0)
NOTE  (EX0101) : Current top module is "USB2_0_SoftPHY_Top"
[5%] Running netlist conversion ...
Running device independent optimization ...
[10%] Optimizing Phase 0 completed
[15%] Optimizing Phase 1 completed
[25%] Optimizing Phase 2 completed
Running inference ...
[30%] Inferring Phase 0 completed
[40%] Inferring Phase 1 completed
[50%] Inferring Phase 2 completed
[55%] Inferring Phase 3 completed
Running technical mapping ...
[60%] Tech-Mapping Phase 0 completed
[65%] Tech-Mapping Phase 1 completed
[75%] Tech-Mapping Phase 2 completed
[80%] Tech-Mapping Phase 3 completed
[90%] Tech-Mapping Phase 4 completed
[95%] Generate netlist file "D:\workshop\Tang-Primer-20K\Gowin_USB2.0_Device_Controller_RefDesign\project\src\usb2_0_softphy\temp\USBTwoSoftPHY\usb2_0_softphy.vg" completed
Generate template file "D:\workshop\Tang-Primer-20K\Gowin_USB2.0_Device_Controller_RefDesign\project\src\usb2_0_softphy\temp\USBTwoSoftPHY\usb2_0_softphy_tmp.v" completed
[100%] Generate report file "D:\workshop\Tang-Primer-20K\Gowin_USB2.0_Device_Controller_RefDesign\project\src\usb2_0_softphy\temp\USBTwoSoftPHY\usb2_0_softphy_syn.rpt.html" completed
GowinSynthesis finish
