GowinSynthesis start
Running parser ...
Analyzing Verilog file 'D:\Gowin\Gowin_V1.9.9Beta\IDE\ipcore\USB_DEVICE_CONTROLLER\data\usb_device_controller_top.v'
Analyzing included file 'D:\Gowin\Gowin_V1.9.9Beta\IDE\ipcore\USB_DEVICE_CONTROLLER\data\static_macro_define.v'("D:\Gowin\Gowin_V1.9.9Beta\IDE\ipcore\USB_DEVICE_CONTROLLER\data\usb_device_controller_top.v":11)
Back to file 'D:\Gowin\Gowin_V1.9.9Beta\IDE\ipcore\USB_DEVICE_CONTROLLER\data\usb_device_controller_top.v'("D:\Gowin\Gowin_V1.9.9Beta\IDE\ipcore\USB_DEVICE_CONTROLLER\data\usb_device_controller_top.v":11)
Analyzing included file 'usb_device_controller_define.v'("D:\Gowin\Gowin_V1.9.9Beta\IDE\ipcore\USB_DEVICE_CONTROLLER\data\usb_device_controller_top.v":12)
Back to file 'D:\Gowin\Gowin_V1.9.9Beta\IDE\ipcore\USB_DEVICE_CONTROLLER\data\usb_device_controller_top.v'("D:\Gowin\Gowin_V1.9.9Beta\IDE\ipcore\USB_DEVICE_CONTROLLER\data\usb_device_controller_top.v":12)
Analyzing Verilog file 'D:\Gowin\Gowin_V1.9.9Beta\IDE\ipcore\USB_DEVICE_CONTROLLER\data\usb_device_controller.v'
Analyzing included file 'D:\Gowin\Gowin_V1.9.9Beta\IDE\ipcore\USB_DEVICE_CONTROLLER\data\static_macro_define.v'("D:\Gowin\Gowin_V1.9.9Beta\IDE\ipcore\USB_DEVICE_CONTROLLER\data\usb_device_controller.v":3881)
Back to file 'D:\Gowin\Gowin_V1.9.9Beta\IDE\ipcore\USB_DEVICE_CONTROLLER\data\usb_device_controller.v'("D:\Gowin\Gowin_V1.9.9Beta\IDE\ipcore\USB_DEVICE_CONTROLLER\data\usb_device_controller.v":3881)
Analyzing included file 'usb_device_controller_define.v'("D:\Gowin\Gowin_V1.9.9Beta\IDE\ipcore\USB_DEVICE_CONTROLLER\data\usb_device_controller.v":3881)
Back to file 'D:\Gowin\Gowin_V1.9.9Beta\IDE\ipcore\USB_DEVICE_CONTROLLER\data\usb_device_controller.v'("D:\Gowin\Gowin_V1.9.9Beta\IDE\ipcore\USB_DEVICE_CONTROLLER\data\usb_device_controller.v":3881)
Undeclared symbol '**', assumed default net type '**'("D:\Gowin\Gowin_V1.9.9Beta\IDE\ipcore\USB_DEVICE_CONTROLLER\data\usb_device_controller.v":0)
Undeclared symbol '**', assumed default net type '**'("D:\Gowin\Gowin_V1.9.9Beta\IDE\ipcore\USB_DEVICE_CONTROLLER\data\usb_device_controller.v":0)
Undeclared symbol '**', assumed default net type '**'("D:\Gowin\Gowin_V1.9.9Beta\IDE\ipcore\USB_DEVICE_CONTROLLER\data\usb_device_controller.v":0)
Compiling module 'USB_Device_Controller_Top'("D:\Gowin\Gowin_V1.9.9Beta\IDE\ipcore\USB_DEVICE_CONTROLLER\data\usb_device_controller_top.v":16)
Compiling module '**'("D:\Gowin\Gowin_V1.9.9Beta\IDE\ipcore\USB_DEVICE_CONTROLLER\data\usb_device_controller.v":0)
Compiling module '**'("D:\Gowin\Gowin_V1.9.9Beta\IDE\ipcore\USB_DEVICE_CONTROLLER\data\usb_device_controller.v":0)
Compiling module '**'("D:\Gowin\Gowin_V1.9.9Beta\IDE\ipcore\USB_DEVICE_CONTROLLER\data\usb_device_controller.v":0)
Compiling module '**'("D:\Gowin\Gowin_V1.9.9Beta\IDE\ipcore\USB_DEVICE_CONTROLLER\data\usb_device_controller.v":0)
WARN  (EX3791) : Expression size ** truncated to fit in target size **("D:\Gowin\Gowin_V1.9.9Beta\IDE\ipcore\USB_DEVICE_CONTROLLER\data\usb_device_controller.v":0)
Compiling module '**'("D:\Gowin\Gowin_V1.9.9Beta\IDE\ipcore\USB_DEVICE_CONTROLLER\data\usb_device_controller.v":0)
Compiling module '**'("D:\Gowin\Gowin_V1.9.9Beta\IDE\ipcore\USB_DEVICE_CONTROLLER\data\usb_device_controller.v":0)
WARN  (EX3791) : Expression size ** truncated to fit in target size **("D:\Gowin\Gowin_V1.9.9Beta\IDE\ipcore\USB_DEVICE_CONTROLLER\data\usb_device_controller.v":0)
Compiling module '**'("D:\Gowin\Gowin_V1.9.9Beta\IDE\ipcore\USB_DEVICE_CONTROLLER\data\usb_device_controller.v":0)
WARN  (EX3791) : Expression size ** truncated to fit in target size **("D:\Gowin\Gowin_V1.9.9Beta\IDE\ipcore\USB_DEVICE_CONTROLLER\data\usb_device_controller.v":0)
NOTE  (EX0101) : Current top module is "USB_Device_Controller_Top"
[5%] Running netlist conversion ...
Running device independent optimization ...
[10%] Optimizing Phase 0 completed
[15%] Optimizing Phase 1 completed
[25%] Optimizing Phase 2 completed
Running inference ...
[30%] Inferring Phase 0 completed
[40%] Inferring Phase 1 completed
[50%] Inferring Phase 2 completed
[55%] Inferring Phase 3 completed
Running technical mapping ...
[60%] Tech-Mapping Phase 0 completed
[65%] Tech-Mapping Phase 1 completed
[75%] Tech-Mapping Phase 2 completed
[80%] Tech-Mapping Phase 3 completed
[90%] Tech-Mapping Phase 4 completed
[95%] Generate netlist file "D:\workshop\Tang-Primer-20K\Gowin_USB2.0_Device_Controller_RefDesign\project\src\usb_device_controller\temp\USBDevCon\usb_device_controller.vg" completed
Generate template file "D:\workshop\Tang-Primer-20K\Gowin_USB2.0_Device_Controller_RefDesign\project\src\usb_device_controller\temp\USBDevCon\usb_device_controller_tmp.v" completed
[100%] Generate report file "D:\workshop\Tang-Primer-20K\Gowin_USB2.0_Device_Controller_RefDesign\project\src\usb_device_controller\temp\USBDevCon\usb_device_controller_syn.rpt.html" completed
GowinSynthesis finish
